2025-08-14 13:48:04,961 - INFO - === FAISS RAG System Setup ===
2025-08-14 13:48:05,040 - INFO - Platform: Windows-10-10.0.19045-SP0
2025-08-14 13:48:05,040 - INFO - Python: 3.13.0 (tags/v3.13.0:60403a5, Oct  7 2024, 09:38:07) [MSC v.1941 64 bit (AMD64)]
2025-08-14 13:48:05,042 - INFO - Checking Python version...
2025-08-14 13:48:05,087 - INFO - Checking Conda environment...
2025-08-14 13:48:05,101 - INFO - Installing required packages...
2025-08-14 13:48:05,102 - INFO - Checking CUDA availability...
2025-08-14 13:48:05,139 - INFO - Installing FAISS-CPU...
2025-08-14 13:48:05,139 - INFO - Installing fastapi>=0.104.0...
2025-08-14 13:48:13,134 - INFO - Installing uvicorn[standard]>=0.24.0...
2025-08-14 13:48:17,790 - INFO - Installing sentence-transformers>=2.2.2...
2025-08-14 13:48:19,423 - INFO - Installing numpy>=1.24.0...
2025-08-14 13:48:20,893 - INFO - Installing scipy>=1.10.0...
2025-08-14 13:48:22,401 - INFO - Installing sqlite-utils>=3.35.0...
2025-08-14 13:49:11,040 - INFO - Installing pydantic>=2.0.0...
2025-08-14 13:49:12,562 - INFO - Installing python-multipart>=0.0.6...
2025-08-14 13:49:14,850 - INFO - Installing jinja2>=3.1.0...
2025-08-14 13:49:16,405 - INFO - Installing aiofiles>=23.0.0...
2025-08-14 13:49:18,515 - INFO - Installing python-json-logger>=2.0.7...
2025-08-14 13:49:20,826 - INFO - Installing rank-bm25>=0.2.2...
2025-08-14 13:49:23,054 - INFO - Installing faiss-cpu...
2025-08-14 13:49:28,095 - INFO - Creating project structure...
2025-08-14 13:49:28,096 - INFO - Created directory: rag_system
2025-08-14 13:49:28,097 - INFO - Created directory: rag_system\api_service
2025-08-14 13:49:28,116 - INFO - Created directory: rag_system\api_service\retrieval
2025-08-14 13:49:28,116 - INFO - Created file: rag_system\api_service\retrieval\__init__.py
2025-08-14 13:49:28,117 - INFO - Created directory: rag_system\api_service\models
2025-08-14 13:49:28,118 - INFO - Created file: rag_system\api_service\models\__init__.py
2025-08-14 13:49:28,119 - INFO - Created directory: rag_system\api_service\utils
2025-08-14 13:49:28,120 - INFO - Created file: rag_system\api_service\utils\__init__.py
2025-08-14 13:49:28,120 - INFO - Created directory: rag_system\api_service\config
2025-08-14 13:49:28,121 - INFO - Created file: rag_system\api_service\config\__init__.py
2025-08-14 13:49:28,122 - INFO - Created directory: rag_system\data
2025-08-14 13:49:28,122 - INFO - Created directory: rag_system\data\raw_documents
2025-08-14 13:49:28,123 - INFO - Created directory: rag_system\data\ingested_json
2025-08-14 13:49:28,124 - INFO - Created directory: rag_system\data\indexes
2025-08-14 13:49:28,124 - INFO - Created directory: rag_system\logs
2025-08-14 13:49:28,126 - INFO - Created directory: rag_system\tests
2025-08-14 13:49:28,127 - INFO - Created file: rag_system\tests\__init__.py
2025-08-14 13:49:28,136 - INFO - Verifying installation...
2025-08-14 13:49:58,608 - INFO - Loading faiss with AVX2 support.
2025-08-14 13:49:58,793 - INFO - Successfully loaded faiss with AVX2 support.
2025-08-14 13:49:58,984 - INFO - Next steps:
2025-08-14 13:49:58,984 - INFO - 1. Configure your embedding model
2025-08-14 13:49:58,985 - INFO - 2. Set up Docker containers
2025-08-14 13:49:58,985 - INFO - 3. Initialize FAISS indexes
2025-08-14 13:50:43,810 - INFO - === FAISS RAG System Setup ===
2025-08-14 13:50:43,905 - INFO - Platform: Windows-10-10.0.19045-SP0
2025-08-14 13:50:43,906 - INFO - Python: 3.13.0 (tags/v3.13.0:60403a5, Oct  7 2024, 09:38:07) [MSC v.1941 64 bit (AMD64)]
2025-08-14 13:50:43,907 - INFO - Checking Python version...
2025-08-14 13:50:43,916 - INFO - Checking Conda environment...
2025-08-14 13:50:43,924 - INFO - Installing required packages...
2025-08-14 13:50:43,924 - INFO - Checking CUDA availability...
2025-08-14 13:50:43,942 - INFO - Installing FAISS-CPU...
2025-08-14 13:50:43,942 - INFO - Installing fastapi>=0.104.0...
2025-08-14 13:50:45,477 - INFO - Installing uvicorn[standard]>=0.24.0...
2025-08-14 13:50:47,011 - INFO - Installing sentence-transformers>=2.2.2...
2025-08-14 13:50:48,586 - INFO - Installing numpy>=1.24.0...
2025-08-14 13:50:50,047 - INFO - Installing scipy>=1.10.0...
2025-08-14 13:50:51,575 - INFO - Installing sqlite-utils>=3.35.0...
2025-08-14 13:50:53,065 - INFO - Installing pydantic>=2.0.0...
2025-08-14 13:50:54,543 - INFO - Installing python-multipart>=0.0.6...
2025-08-14 13:50:56,027 - INFO - Installing jinja2>=3.1.0...
2025-08-14 13:50:57,490 - INFO - Installing aiofiles>=23.0.0...
2025-08-14 13:50:59,002 - INFO - Installing python-json-logger>=2.0.7...
2025-08-14 13:51:00,483 - INFO - Installing rank-bm25>=0.2.2...
2025-08-14 13:51:01,961 - INFO - Installing faiss-cpu...
2025-08-14 13:51:03,443 - INFO - Creating project structure...
2025-08-14 13:51:03,444 - INFO - Created directory: rag_system
2025-08-14 13:51:03,445 - INFO - Created directory: rag_system\api_service
2025-08-14 13:51:03,445 - INFO - Created directory: rag_system\api_service\retrieval
2025-08-14 13:51:03,446 - INFO - Created directory: rag_system\api_service\models
2025-08-14 13:51:03,447 - INFO - Created directory: rag_system\api_service\utils
2025-08-14 13:51:03,447 - INFO - Created directory: rag_system\api_service\config
2025-08-14 13:51:03,448 - INFO - Created directory: rag_system\data
2025-08-14 13:51:03,450 - INFO - Created directory: rag_system\data\raw_documents
2025-08-14 13:51:03,451 - INFO - Created directory: rag_system\data\ingested_json
2025-08-14 13:51:03,451 - INFO - Created directory: rag_system\data\indexes
2025-08-14 13:51:03,452 - INFO - Created directory: rag_system\logs
2025-08-14 13:51:03,452 - INFO - Created directory: rag_system\tests
2025-08-14 13:51:03,460 - INFO - Verifying installation...
2025-08-14 13:51:11,029 - INFO - Loading faiss with AVX2 support.
2025-08-14 13:51:11,051 - INFO - Successfully loaded faiss with AVX2 support.
2025-08-14 13:51:11,144 - INFO - Next steps:
2025-08-14 13:51:11,144 - INFO - 1. Configure your embedding model
2025-08-14 13:51:11,144 - INFO - 2. Set up Docker containers
2025-08-14 13:51:11,145 - INFO - 3. Initialize FAISS indexes
2025-08-14 13:53:22,921 - INFO - === FAISS RAG System Setup ===
2025-08-14 13:53:22,993 - INFO - Platform: Windows-10-10.0.19045-SP0
2025-08-14 13:53:22,993 - INFO - Python: 3.13.0 (tags/v3.13.0:60403a5, Oct  7 2024, 09:38:07) [MSC v.1941 64 bit (AMD64)]
2025-08-14 13:53:22,994 - INFO - Checking Python version...
2025-08-14 13:53:23,002 - INFO - Checking Conda environment...
2025-08-14 13:53:23,012 - INFO - Installing required packages...
2025-08-14 13:53:23,012 - INFO - Checking CUDA availability...
2025-08-14 13:53:23,030 - INFO - Installing FAISS-CPU...
2025-08-14 13:53:23,031 - INFO - Installing fastapi>=0.104.0...
2025-08-14 13:53:24,560 - INFO - Installing uvicorn[standard]>=0.24.0...
2025-08-14 13:53:26,088 - INFO - Installing sentence-transformers>=2.2.2...
2025-08-14 13:53:27,690 - INFO - Installing numpy>=1.24.0...
2025-08-14 13:53:29,191 - INFO - Installing scipy>=1.10.0...
2025-08-14 13:53:30,700 - INFO - Installing sqlite-utils>=3.35.0...
2025-08-14 13:53:32,216 - INFO - Installing pydantic>=2.0.0...
2025-08-14 13:53:33,721 - INFO - Installing python-multipart>=0.0.6...
2025-08-14 13:53:35,300 - INFO - Installing jinja2>=3.1.0...
2025-08-14 13:53:36,846 - INFO - Installing aiofiles>=23.0.0...
2025-08-14 13:53:38,401 - INFO - Installing python-json-logger>=2.0.7...
2025-08-14 13:53:40,017 - INFO - Installing rank-bm25>=0.2.2...
2025-08-14 13:53:41,636 - INFO - Installing faiss-cpu...
2025-08-14 13:53:43,247 - INFO - Creating project structure...
2025-08-14 13:53:43,248 - INFO - Created directory: rag_system
2025-08-14 13:53:43,248 - INFO - Created directory: rag_system\api_service
2025-08-14 13:53:43,249 - INFO - Created directory: rag_system\api_service\retrieval
2025-08-14 13:53:43,249 - INFO - Created directory: rag_system\api_service\models
2025-08-14 13:53:43,250 - INFO - Created directory: rag_system\api_service\utils
2025-08-14 13:53:43,253 - INFO - Created directory: rag_system\api_service\config
2025-08-14 13:53:43,254 - INFO - Created directory: rag_system\data
2025-08-14 13:53:43,254 - INFO - Created directory: rag_system\data\raw_documents
2025-08-14 13:53:43,255 - INFO - Created directory: rag_system\data\ingested_json
2025-08-14 13:53:43,255 - INFO - Created directory: rag_system\data\indexes
2025-08-14 13:53:43,256 - INFO - Created directory: rag_system\logs
2025-08-14 13:53:43,256 - INFO - Created directory: rag_system\tests
2025-08-14 13:53:43,264 - INFO - Verifying installation...
2025-08-14 13:53:51,173 - INFO - Loading faiss with AVX2 support.
2025-08-14 13:53:51,196 - INFO - Successfully loaded faiss with AVX2 support.
2025-08-14 13:53:51,290 - INFO - Next steps:
2025-08-14 13:53:51,292 - INFO - 1. Configure your embedding model
2025-08-14 13:53:51,293 - INFO - 2. Set up Docker containers
2025-08-14 13:53:51,294 - INFO - 3. Initialize FAISS indexes
2025-08-14 13:57:06,237 - INFO - === RAG System Environment Checker ===
2025-08-14 13:57:06,267 - INFO - Platform: Windows-10-10.0.19045-SP0
2025-08-14 13:57:06,267 - INFO - Python: 3.13.0 (tags/v3.13.0:60403a5, Oct  7 2024, 09:38:07) [MSC v.1941 64 bit (AMD64)]
2025-08-14 13:57:06,268 - INFO - Working Directory: D:\projects\chatbotapp\M1v3
2025-08-14 13:57:06,268 - INFO - Checking Python version...
2025-08-14 13:57:06,269 - INFO - [OK] Python 3.13.0 is compatible
2025-08-14 13:57:06,269 - INFO - Checking Virtual Environment...
2025-08-14 13:57:06,270 - INFO - [OK] Running in virtual environment
2025-08-14 13:57:06,271 - INFO - Virtual env path: D:\projects\chatbotapp\M1v3\venv
2025-08-14 13:57:06,271 - INFO - Checking required packages...
2025-08-14 13:57:06,274 - INFO - [OK] fastapi: FastAPI web framework
2025-08-14 13:57:06,275 - INFO - [OK] uvicorn: ASGI server
2025-08-14 13:57:06,276 - INFO - [OK] sentence_transformers: Embedding model
2025-08-14 13:57:06,277 - INFO - [OK] numpy: Numerical computing
2025-08-14 13:57:06,281 - INFO - [OK] sqlite3: Database (built-in)
2025-08-14 13:57:06,387 - INFO - Loading faiss with AVX2 support.
2025-08-14 13:57:06,407 - INFO - Successfully loaded faiss with AVX2 support.
2025-08-14 13:57:06,413 - INFO - [OK] faiss: Vector similarity search
2025-08-14 13:57:06,414 - INFO - Checking project directory structure...
2025-08-14 13:57:06,415 - INFO - Current directory: D:\projects\chatbotapp\M1v3
2025-08-14 13:57:06,435 - INFO - [OK] Created directories: docker, scripts
2025-08-14 13:57:06,435 - INFO - Existing directories: rag_system, rag_system\api_service, rag_system\api_service\retrieval, rag_system\api_service\models, rag_system\api_service\utils, rag_system\api_service\config, rag_system\data, rag_system\data\raw_documents, rag_system\data\ingested_json, rag_system\data\indexes, rag_system\logs, rag_system\tests
2025-08-14 13:57:06,436 - INFO - Generating environment report...
2025-08-14 13:57:06,437 - INFO - Checking required packages...
2025-08-14 13:57:06,438 - INFO - [OK] fastapi: FastAPI web framework
2025-08-14 13:57:06,439 - INFO - [OK] uvicorn: ASGI server
2025-08-14 13:57:06,440 - INFO - [OK] sentence_transformers: Embedding model
2025-08-14 13:57:06,440 - INFO - [OK] numpy: Numerical computing
2025-08-14 13:57:06,441 - INFO - [OK] sqlite3: Database (built-in)
2025-08-14 13:57:06,442 - INFO - [OK] faiss: Vector similarity search
2025-08-14 13:57:06,443 - INFO - [OK] Environment report saved to: environment_report.json
2025-08-14 13:57:06,443 - INFO - === Environment Check Complete ===
2025-08-14 13:57:06,444 - INFO - [OK] Setup completed successfully!
2025-08-14 13:57:06,444 - INFO - 
Next steps:
2025-08-14 13:57:06,445 - INFO - 1. Review environment_report.json
2025-08-14 13:57:06,446 - INFO - 2. Configure embedding model
2025-08-14 13:57:06,446 - INFO - 3. Initialize database and indexes
2025-08-14 13:57:06,449 - INFO - 4. Test basic functionality
