2025-08-14 14:02:59,374 - INFO - === RAG SYSTEM ENVIRONMENT CHECKER ===
2025-08-14 14:02:59,374 - INFO - Checking Python version...
2025-08-14 14:02:59,376 - INFO - [OK] Python 3.13.0 is compatible
2025-08-14 14:02:59,377 - INFO - Checking virtual environment...
2025-08-14 14:02:59,378 - INFO - [OK] Running in virtual environment (venv)
2025-08-14 14:02:59,378 - INFO - Checking CUDA and GPU availability...
2025-08-14 14:02:59,381 - WARNING - [WARN] NVCC not found in PATH
2025-08-14 14:02:59,448 - INFO - [OK] GPU 0: Quadro M5000 (7680 MB)
2025-08-14 14:02:59,448 - INFO - [OK] GPU 1: NVIDIA P106-100 (6144 MB)
2025-08-14 14:03:01,782 - INFO - [OK] PyTorch detects 2 CUDA devices
2025-08-14 14:03:01,786 - INFO - [OK] PyTorch GPU 0: NVIDIA P106-100
2025-08-14 14:03:01,786 - INFO - [OK] PyTorch GPU 1: Quadro M5000
2025-08-14 14:03:01,787 - INFO - Checking required packages...
2025-08-14 14:03:01,788 - INFO - [OK] PyTorch: 2.7.1+cu118
2025-08-14 14:03:01,795 - INFO - Loading faiss with AVX2 support.
2025-08-14 14:03:01,818 - INFO - Successfully loaded faiss with AVX2 support.
2025-08-14 14:03:01,826 - INFO - [OK] FAISS: OK (tested)
2025-08-14 14:03:07,054 - INFO - [OK] Sentence Transformers: 5.1.0
2025-08-14 14:03:07,365 - INFO - [OK] FastAPI: 0.116.1
2025-08-14 14:03:07,406 - INFO - [OK] Uvicorn: 0.35.0
2025-08-14 14:03:07,406 - INFO - [OK] NumPy: 2.3.2
2025-08-14 14:03:07,411 - INFO - [OK] SQLite3 (built-in): 3.45.3
2025-08-14 14:03:07,411 - INFO - [OK] All required packages are installed
2025-08-14 14:03:07,412 - INFO - Creating project structure...
2025-08-14 14:03:07,413 - INFO - Created directory: rag_system
2025-08-14 14:03:07,413 - INFO - Created directory: rag_system\api_service
2025-08-14 14:03:07,414 - INFO - Created directory: rag_system\api_service\retrieval
2025-08-14 14:03:07,424 - INFO - Created file: rag_system\api_service\retrieval\faiss_retriever.py
2025-08-14 14:03:07,424 - INFO - Created file: rag_system\api_service\retrieval\bm25_retriever.py
2025-08-14 14:03:07,425 - INFO - Created file: rag_system\api_service\retrieval\hybrid_retriever.py
2025-08-14 14:03:07,426 - INFO - Created directory: rag_system\api_service\models
2025-08-14 14:03:07,426 - INFO - Created file: rag_system\api_service\models\embeddings.py
2025-08-14 14:03:07,427 - INFO - Created file: rag_system\api_service\models\schema.py
2025-08-14 14:03:07,427 - INFO - Created directory: rag_system\api_service\utils
2025-08-14 14:03:07,428 - INFO - Created file: rag_system\api_service\utils\database.py
2025-08-14 14:03:07,429 - INFO - Created file: rag_system\api_service\utils\indexing.py
2025-08-14 14:03:07,429 - INFO - Created directory: rag_system\api_service\config
2025-08-14 14:03:07,430 - INFO - Created file: rag_system\api_service\config\settings.py
2025-08-14 14:03:07,430 - INFO - Created directory: rag_system\data
2025-08-14 14:03:07,431 - INFO - Created directory: rag_system\data\raw_documents
2025-08-14 14:03:07,431 - INFO - Created directory: rag_system\data\ingested_json
2025-08-14 14:03:07,432 - INFO - Created directory: rag_system\data\indexes
2025-08-14 14:03:07,433 - INFO - Created directory: rag_system\logs
2025-08-14 14:03:07,434 - INFO - Created directory: rag_system\tests
2025-08-14 14:03:07,435 - INFO - Created file: rag_system\tests\test_retrieval.py
2025-08-14 14:03:07,436 - INFO - Created directory: docker
2025-08-14 14:03:07,436 - INFO - Created file: docker\Dockerfile
2025-08-14 14:03:07,437 - INFO - Created file: docker\docker-compose.yml
2025-08-14 14:03:07,437 - INFO - Created directory: scripts
2025-08-14 14:03:07,438 - INFO - Created file: scripts\init_db.py
2025-08-14 14:03:07,439 - INFO - Created file: scripts\rebuild_index.py
2025-08-14 14:03:07,440 - INFO - [OK] Project structure created
2025-08-14 14:03:07,441 - INFO - [OK] .env file created with detected settings
2025-08-14 14:03:07,441 - INFO - === ENVIRONMENT REPORT ===
2025-08-14 14:03:07,473 - INFO - Platform: Windows-10-10.0.19045-SP0
2025-08-14 14:03:07,473 - INFO - Python: 3.13.0
2025-08-14 14:03:07,475 - INFO - Virtual Environment: Yes
2025-08-14 14:03:07,475 - INFO - CUDA Available: Yes
2025-08-14 14:03:07,476 - INFO - GPUs Detected: 2
2025-08-14 14:03:07,477 - INFO -   - GPU 0: Quadro M5000 (7680 MB)
2025-08-14 14:03:07,477 - INFO -   - GPU 1: NVIDIA P106-100 (6144 MB)
2025-08-14 14:03:07,478 - INFO - Required Packages: All installed
2025-08-14 14:03:07,480 - INFO - [OK] Report saved to logs/environment_report.json
2025-08-14 14:03:07,480 - INFO - [OK] Environment setup completed successfully!
2025-08-14 14:03:07,481 - INFO - === NEXT STEPS ===
2025-08-14 14:03:07,481 - INFO - 1. Review the .env file and adjust settings if needed
2025-08-14 14:03:07,482 - INFO - 2. Initialize the database: python scripts/init_db.py
2025-08-14 14:03:07,482 - INFO - 3. Start the API server: uvicorn rag_system.api_service.main:app --reload
2025-08-14 14:03:07,483 - INFO - [INFO] CUDA detected - GPU acceleration will be used
2025-08-14 15:08:12,469 - INFO - === RAG SYSTEM ENVIRONMENT CHECKER ===
2025-08-14 15:08:12,469 - INFO - Checking Python version...
2025-08-14 15:08:12,471 - INFO - [OK] Python 3.13.0 is compatible
2025-08-14 15:08:12,471 - INFO - Checking virtual environment...
2025-08-14 15:08:12,471 - WARNING - [WARN] Not in virtual environment - recommended to use venv or conda
2025-08-14 15:08:12,471 - INFO - Checking CUDA and GPU availability...
2025-08-14 15:08:12,473 - WARNING - [WARN] NVCC not found in PATH
2025-08-14 15:08:12,535 - INFO - [OK] GPU 0: Quadro M5000 (7680 MB)
2025-08-14 15:08:12,535 - INFO - [OK] GPU 1: NVIDIA P106-100 (6144 MB)
2025-08-14 15:08:17,528 - WARNING - [WARN] PyTorch CUDA not available
2025-08-14 15:08:17,528 - INFO - Checking required packages...
2025-08-14 15:08:17,529 - INFO - [OK] PyTorch: 2.8.0+cpu
2025-08-14 15:08:17,529 - ERROR - [ERROR] FAISS not installed
2025-08-14 15:08:54,988 - INFO - === RAG SYSTEM ENVIRONMENT CHECKER ===
2025-08-14 15:08:54,989 - INFO - Checking Python version...
2025-08-14 15:08:54,989 - INFO - [OK] Python 3.13.0 is compatible
2025-08-14 15:08:54,989 - INFO - Checking virtual environment...
2025-08-14 15:08:54,990 - INFO - [OK] Running in virtual environment (venv)
2025-08-14 15:08:54,990 - INFO - Checking CUDA and GPU availability...
2025-08-14 15:08:54,992 - WARNING - [WARN] NVCC not found in PATH
2025-08-14 15:08:55,064 - INFO - [OK] GPU 0: Quadro M5000 (7680 MB)
2025-08-14 15:08:55,065 - INFO - [OK] GPU 1: NVIDIA P106-100 (6144 MB)
2025-08-14 15:08:57,444 - INFO - [OK] PyTorch detects 2 CUDA devices
2025-08-14 15:08:57,448 - INFO - [OK] PyTorch GPU 0: NVIDIA P106-100
2025-08-14 15:08:57,449 - INFO - [OK] PyTorch GPU 1: Quadro M5000
2025-08-14 15:08:57,449 - INFO - Checking required packages...
2025-08-14 15:08:57,449 - INFO - [OK] PyTorch: 2.7.1+cu118
2025-08-14 15:08:57,456 - INFO - Loading faiss with AVX2 support.
2025-08-14 15:08:57,488 - INFO - Successfully loaded faiss with AVX2 support.
2025-08-14 15:08:57,499 - INFO - [OK] FAISS: OK (tested)
2025-08-14 15:09:02,817 - INFO - [OK] Sentence Transformers: 5.1.0
2025-08-14 15:09:03,135 - INFO - [OK] FastAPI: 0.116.1
2025-08-14 15:09:03,180 - INFO - [OK] Uvicorn: 0.35.0
2025-08-14 15:09:03,181 - INFO - [OK] NumPy: 2.3.2
2025-08-14 15:09:03,184 - INFO - [OK] SQLite3 (built-in): 3.45.3
2025-08-14 15:09:03,185 - INFO - [OK] All required packages are installed
2025-08-14 15:09:03,185 - INFO - Creating project structure...
2025-08-14 15:09:03,185 - INFO - Created directory: rag_system
2025-08-14 15:09:03,186 - INFO - Created directory: rag_system\api_service
2025-08-14 15:09:03,186 - INFO - Created directory: rag_system\api_service\retrieval
2025-08-14 15:09:03,187 - INFO - Created directory: rag_system\api_service\models
2025-08-14 15:09:03,187 - INFO - Created directory: rag_system\api_service\utils
2025-08-14 15:09:03,188 - INFO - Created directory: rag_system\api_service\config
2025-08-14 15:09:03,189 - INFO - Created directory: rag_system\data
2025-08-14 15:09:03,189 - INFO - Created directory: rag_system\data\raw_documents
2025-08-14 15:09:03,189 - INFO - Created directory: rag_system\data\ingested_json
2025-08-14 15:09:03,190 - INFO - Created directory: rag_system\data\indexes
2025-08-14 15:09:03,190 - INFO - Created directory: rag_system\logs
2025-08-14 15:09:03,191 - INFO - Created directory: rag_system\tests
2025-08-14 15:09:03,191 - INFO - Created directory: docker
2025-08-14 15:09:03,192 - INFO - Created directory: scripts
2025-08-14 15:09:03,192 - INFO - [OK] Project structure created
2025-08-14 15:09:03,193 - INFO - [OK] .env file created with detected settings
2025-08-14 15:09:03,193 - INFO - === ENVIRONMENT REPORT ===
2025-08-14 15:09:03,230 - INFO - Platform: Windows-10-10.0.19045-SP0
2025-08-14 15:09:03,230 - INFO - Python: 3.13.0
2025-08-14 15:09:03,231 - INFO - Virtual Environment: Yes
2025-08-14 15:09:03,231 - INFO - CUDA Available: Yes
2025-08-14 15:09:03,231 - INFO - GPUs Detected: 2
2025-08-14 15:09:03,231 - INFO -   - GPU 0: Quadro M5000 (7680 MB)
2025-08-14 15:09:03,232 - INFO -   - GPU 1: NVIDIA P106-100 (6144 MB)
2025-08-14 15:09:03,232 - INFO - Required Packages: All installed
2025-08-14 15:09:03,233 - INFO - [OK] Report saved to logs/environment_report.json
2025-08-14 15:09:03,233 - INFO - [OK] Environment setup completed successfully!
2025-08-14 15:09:03,233 - INFO - === NEXT STEPS ===
2025-08-14 15:09:03,233 - INFO - 1. Review the .env file and adjust settings if needed
2025-08-14 15:09:03,233 - INFO - 2. Initialize the database: python scripts/init_db.py
2025-08-14 15:09:03,234 - INFO - 3. Start the API server: uvicorn rag_system.api_service.main:app --reload
2025-08-14 15:09:03,234 - INFO - [INFO] CUDA detected - GPU acceleration will be used
2025-08-14 17:03:23,092 - INFO - === RAG SYSTEM ENVIRONMENT CHECKER ===
2025-08-14 17:03:23,092 - INFO - Checking Python version...
2025-08-14 17:03:23,093 - INFO - [OK] Python 3.13.0 is compatible
2025-08-14 17:03:23,093 - INFO - Checking virtual environment...
2025-08-14 17:03:23,093 - INFO - [OK] Running in virtual environment (venv)
2025-08-14 17:03:23,093 - INFO - Checking CUDA and GPU availability...
2025-08-14 17:03:23,095 - WARNING - [WARN] NVCC not found in PATH
2025-08-14 17:03:23,165 - INFO - [OK] GPU 0: Quadro M5000 (7680 MB)
2025-08-14 17:03:23,165 - INFO - [OK] GPU 1: NVIDIA P106-100 (6144 MB)
2025-08-14 17:03:25,579 - INFO - [OK] PyTorch detects 2 CUDA devices
2025-08-14 17:03:25,583 - INFO - [OK] PyTorch GPU 0: NVIDIA P106-100
2025-08-14 17:03:25,583 - INFO - [OK] PyTorch GPU 1: Quadro M5000
2025-08-14 17:03:25,583 - INFO - Checking required packages...
2025-08-14 17:03:25,584 - INFO - [OK] PyTorch: 2.7.1+cu118
2025-08-14 17:03:25,590 - INFO - Loading faiss with AVX2 support.
2025-08-14 17:03:25,616 - INFO - Successfully loaded faiss with AVX2 support.
2025-08-14 17:03:25,628 - INFO - [OK] FAISS: OK (tested)
2025-08-14 17:03:30,977 - INFO - [OK] Sentence Transformers: 5.1.0
2025-08-14 17:03:31,514 - INFO - [OK] FastAPI: 0.116.1
2025-08-14 17:03:31,600 - INFO - [OK] Uvicorn: 0.35.0
2025-08-14 17:03:31,600 - INFO - [OK] NumPy: 2.3.2
2025-08-14 17:03:31,605 - INFO - [OK] SQLite3 (built-in): 3.45.3
2025-08-14 17:03:31,605 - INFO - [OK] All required packages are installed
2025-08-14 17:03:31,605 - INFO - Creating project structure...
2025-08-14 17:03:31,606 - INFO - Created directory: rag_system
2025-08-14 17:03:31,606 - INFO - Created directory: rag_system\api_service
2025-08-14 17:03:31,607 - INFO - Created directory: rag_system\api_service\retrieval
2025-08-14 17:03:31,607 - INFO - Created directory: rag_system\api_service\models
2025-08-14 17:03:31,608 - INFO - Created directory: rag_system\api_service\utils
2025-08-14 17:03:31,609 - INFO - Created directory: rag_system\api_service\config
2025-08-14 17:03:31,609 - INFO - Created directory: rag_system\data
2025-08-14 17:03:31,610 - INFO - Created directory: rag_system\data\raw_documents
2025-08-14 17:03:31,610 - INFO - Created directory: rag_system\data\ingested_json
2025-08-14 17:03:31,610 - INFO - Created directory: rag_system\data\indexes
2025-08-14 17:03:31,611 - INFO - Created directory: rag_system\logs
2025-08-14 17:03:31,611 - INFO - Created directory: rag_system\tests
2025-08-14 17:03:31,612 - INFO - Created directory: docker
2025-08-14 17:03:31,612 - INFO - Created directory: scripts
2025-08-14 17:03:31,613 - INFO - [OK] Project structure created
2025-08-14 17:03:31,613 - INFO - [OK] .env file created with detected settings
2025-08-14 17:03:31,613 - INFO - === ENVIRONMENT REPORT ===
2025-08-14 17:03:31,647 - INFO - Platform: Windows-10-10.0.19045-SP0
2025-08-14 17:03:31,648 - INFO - Python: 3.13.0
2025-08-14 17:03:31,648 - INFO - Virtual Environment: Yes
2025-08-14 17:03:31,648 - INFO - CUDA Available: Yes
2025-08-14 17:03:31,648 - INFO - GPUs Detected: 2
2025-08-14 17:03:31,649 - INFO -   - GPU 0: Quadro M5000 (7680 MB)
2025-08-14 17:03:31,649 - INFO -   - GPU 1: NVIDIA P106-100 (6144 MB)
2025-08-14 17:03:31,649 - INFO - Required Packages: All installed
2025-08-14 17:03:31,650 - INFO - [OK] Report saved to logs/environment_report.json
2025-08-14 17:03:31,650 - INFO - [OK] Environment setup completed successfully!
2025-08-14 17:03:31,651 - INFO - === NEXT STEPS ===
2025-08-14 17:03:31,651 - INFO - 1. Review the .env file and adjust settings if needed
2025-08-14 17:03:31,651 - INFO - 2. Initialize the database: python scripts/init_db.py
2025-08-14 17:03:31,652 - INFO - 3. Start the API server: uvicorn rag_system.api_service.main:app --reload
2025-08-14 17:03:31,652 - INFO - [INFO] CUDA detected - GPU acceleration will be used
2025-08-14 20:04:19,566 - INFO - === RAG SYSTEM ENVIRONMENT CHECKER ===
2025-08-14 20:04:19,594 - INFO - Checking Python version...
2025-08-14 20:04:19,594 - INFO - [OK] Python 3.13.5 is compatible
2025-08-14 20:04:19,594 - INFO - Checking virtual environment...
2025-08-14 20:04:19,595 - INFO - [OK] Running in virtual environment (venv)
2025-08-14 20:04:19,595 - INFO - Checking CUDA and GPU availability...
2025-08-14 20:04:19,596 - WARNING - [WARN] NVCC not found in PATH
2025-08-14 20:04:19,650 - INFO - [OK] GPU 0: NVIDIA GeForce RTX 2080 Ti (11264 MB)
2025-08-14 20:04:21,238 - INFO - [OK] PyTorch detects 1 CUDA devices
2025-08-14 20:04:21,240 - INFO - [OK] PyTorch GPU 0: NVIDIA GeForce RTX 2080 Ti
2025-08-14 20:04:21,240 - INFO - Checking required packages...
2025-08-14 20:04:21,240 - INFO - [OK] PyTorch: 2.8.0+cu126
2025-08-14 20:04:21,244 - INFO - Loading faiss with AVX2 support.
2025-08-14 20:04:21,395 - INFO - Successfully loaded faiss with AVX2 support.
2025-08-14 20:04:21,400 - INFO - [OK] FAISS: OK (tested)
2025-08-14 20:04:28,661 - INFO - [OK] Sentence Transformers: 5.1.0
2025-08-14 20:04:29,011 - INFO - [OK] FastAPI: 0.116.1
2025-08-14 20:04:29,060 - INFO - [OK] Uvicorn: 0.35.0
2025-08-14 20:04:29,060 - INFO - [OK] NumPy: 2.3.2
2025-08-14 20:04:29,122 - INFO - [OK] SQLite3 (built-in): 3.49.1
2025-08-14 20:04:29,122 - INFO - [OK] All required packages are installed
2025-08-14 20:04:29,123 - INFO - Creating project structure...
2025-08-14 20:04:29,123 - INFO - Created directory: rag_system
2025-08-14 20:04:29,123 - INFO - Created directory: rag_system\api_service
2025-08-14 20:04:29,124 - INFO - Created directory: rag_system\api_service\retrieval
2025-08-14 20:04:29,124 - INFO - Created directory: rag_system\api_service\models
2025-08-14 20:04:29,124 - INFO - Created directory: rag_system\api_service\utils
2025-08-14 20:04:29,125 - INFO - Created directory: rag_system\api_service\config
2025-08-14 20:04:29,125 - INFO - Created directory: rag_system\data
2025-08-14 20:04:29,126 - INFO - Created directory: rag_system\data\raw_documents
2025-08-14 20:04:29,126 - INFO - Created directory: rag_system\data\ingested_json
2025-08-14 20:04:29,126 - INFO - Created directory: rag_system\data\indexes
2025-08-14 20:04:29,126 - INFO - Created directory: rag_system\logs
2025-08-14 20:04:29,127 - INFO - Created directory: rag_system\tests
2025-08-14 20:04:29,127 - INFO - Created directory: docker
2025-08-14 20:04:29,127 - INFO - Created directory: scripts
2025-08-14 20:04:29,128 - INFO - [OK] Project structure created
2025-08-14 20:04:29,128 - INFO - [OK] .env file created with detected settings
2025-08-14 20:04:29,128 - INFO - === ENVIRONMENT REPORT ===
2025-08-14 20:04:29,153 - INFO - Platform: Windows-10-10.0.19045-SP0
2025-08-14 20:04:29,153 - INFO - Python: 3.13.5
2025-08-14 20:04:29,153 - INFO - Virtual Environment: Yes
2025-08-14 20:04:29,153 - INFO - CUDA Available: Yes
2025-08-14 20:04:29,153 - INFO - GPUs Detected: 1
2025-08-14 20:04:29,154 - INFO -   - GPU 0: NVIDIA GeForce RTX 2080 Ti (11264 MB)
2025-08-14 20:04:29,154 - INFO - Required Packages: All installed
2025-08-14 20:04:29,154 - INFO - [OK] Report saved to logs/environment_report.json
2025-08-14 20:04:29,154 - INFO - [OK] Environment setup completed successfully!
2025-08-14 20:04:29,155 - INFO - === NEXT STEPS ===
2025-08-14 20:04:29,155 - INFO - 1. Review the .env file and adjust settings if needed
2025-08-14 20:04:29,155 - INFO - 2. Initialize the database: python scripts/init_db.py
2025-08-14 20:04:29,155 - INFO - 3. Start the API server: uvicorn rag_system.api_service.main:app --reload
2025-08-14 20:04:29,155 - INFO - [INFO] CUDA detected - GPU acceleration will be used
